/home/asiantech/.rvm/gems/ruby-2.4.0/gems/activesupport-5.0.2/lib/active_support/dependencies.rb:287:in `load': /home/asiantech/FinalProjectSch/config/routes.rb:20: syntax error, unexpected <<, expecting keyword_end
<<<<<<< HEAD
  ^
/home/asiantech/FinalProjectSch/config/routes.rb:23: syntax error, unexpected ===, expecting keyword_end
=======
   ^
/home/asiantech/FinalProjectSch/config/routes.rb:25: syntax error, unexpected >>, expecting end-of-input
>>>>>>> master
  ^ (SyntaxError)
	from /home/asiantech/.rvm/gems/ruby-2.4.0/gems/activesupport-5.0.2/lib/active_support/dependencies.rb:287:in `block in load'
	from /home/asiantech/.rvm/gems/ruby-2.4.0/gems/activesupport-5.0.2/lib/active_support/dependencies.rb:259:in `load_dependency'
	from /home/asiantech/.rvm/gems/ruby-2.4.0/gems/activesupport-5.0.2/lib/active_support/dependencies.rb:287:in `load'
	from /home/asiantech/.rvm/gems/ruby-2.4.0/gems/railties-5.0.2/lib/rails/application/routes_reloader.rb:40:in `block in load_paths'
	from /home/asiantech/.rvm/gems/ruby-2.4.0/gems/railties-5.0.2/lib/rails/application/routes_reloader.rb:40:in `each'
	from /home/asiantech/.rvm/gems/ruby-2.4.0/gems/railties-5.0.2/lib/rails/application/routes_reloader.rb:40:in `load_paths'
	from /home/asiantech/.rvm/gems/ruby-2.4.0/gems/railties-5.0.2/lib/rails/application/routes_reloader.rb:16:in `reload!'
	from /home/asiantech/.rvm/gems/ruby-2.4.0/gems/railties-5.0.2/lib/rails/application/routes_reloader.rb:26:in `block in updater'
	from /home/asiantech/.rvm/gems/ruby-2.4.0/gems/activesupport-5.0.2/lib/active_support/file_update_checker.rb:77:in `execute'
	from /home/asiantech/.rvm/gems/ruby-2.4.0/gems/railties-5.0.2/lib/rails/application/routes_reloader.rb:7:in `execute'
	from /home/asiantech/.rvm/gems/ruby-2.4.0/gems/railties-5.0.2/lib/rails/application/finisher.rb:132:in `block (2 levels) in <module:Finisher>'
	from /home/asiantech/.rvm/gems/ruby-2.4.0/gems/activesupport-5.0.2/lib/active_support/callbacks.rb:396:in `instance_exec'
	from /home/asiantech/.rvm/gems/ruby-2.4.0/gems/activesupport-5.0.2/lib/active_support/callbacks.rb:396:in `block in make_lambda'
	from /home/asiantech/.rvm/gems/ruby-2.4.0/gems/activesupport-5.0.2/lib/active_support/callbacks.rb:169:in `block (2 levels) in halting'
	from /home/asiantech/.rvm/gems/ruby-2.4.0/gems/activesupport-5.0.2/lib/active_support/callbacks.rb:547:in `block (2 levels) in default_terminator'
	from /home/asiantech/.rvm/gems/ruby-2.4.0/gems/activesupport-5.0.2/lib/active_support/callbacks.rb:546:in `catch'
	from /home/asiantech/.rvm/gems/ruby-2.4.0/gems/activesupport-5.0.2/lib/active_support/callbacks.rb:546:in `block in default_terminator'
	from /home/asiantech/.rvm/gems/ruby-2.4.0/gems/activesupport-5.0.2/lib/active_support/callbacks.rb:170:in `block in halting'
	from /home/asiantech/.rvm/gems/ruby-2.4.0/gems/activesupport-5.0.2/lib/active_support/callbacks.rb:454:in `block in call'
	from /home/asiantech/.rvm/gems/ruby-2.4.0/gems/activesupport-5.0.2/lib/active_support/callbacks.rb:454:in `each'
	from /home/asiantech/.rvm/gems/ruby-2.4.0/gems/activesupport-5.0.2/lib/active_support/callbacks.rb:454:in `call'
	from /home/asiantech/.rvm/gems/ruby-2.4.0/gems/activesupport-5.0.2/lib/active_support/callbacks.rb:101:in `__run_callbacks__'
	from /home/asiantech/.rvm/gems/ruby-2.4.0/gems/activesupport-5.0.2/lib/active_support/callbacks.rb:750:in `_run_run_callbacks'
	from /home/asiantech/.rvm/gems/ruby-2.4.0/gems/activesupport-5.0.2/lib/active_support/callbacks.rb:90:in `run_callbacks'
	from /home/asiantech/.rvm/gems/ruby-2.4.0/gems/activesupport-5.0.2/lib/active_support/execution_wrapper.rb:108:in `run!'
	from /home/asiantech/.rvm/gems/ruby-2.4.0/gems/activesupport-5.0.2/lib/active_support/reloader.rb:113:in `run!'
	from /home/asiantech/.rvm/gems/ruby-2.4.0/gems/activesupport-5.0.2/lib/active_support/reloader.rb:48:in `block (2 levels) in reload!'
	from /home/asiantech/.rvm/gems/ruby-2.4.0/gems/activesupport-5.0.2/lib/active_support/reloader.rb:46:in `tap'
	from /home/asiantech/.rvm/gems/ruby-2.4.0/gems/activesupport-5.0.2/lib/active_support/reloader.rb:46:in `block in reload!'
	from /home/asiantech/.rvm/gems/ruby-2.4.0/gems/activesupport-5.0.2/lib/active_support/execution_wrapper.rb:85:in `wrap'
	from /home/asiantech/.rvm/gems/ruby-2.4.0/gems/activesupport-5.0.2/lib/active_support/reloader.rb:45:in `reload!'
	from /home/asiantech/.rvm/gems/ruby-2.4.0/gems/spring-2.0.1/lib/spring/application.rb:154:in `serve'
	from /home/asiantech/.rvm/gems/ruby-2.4.0/gems/spring-2.0.1/lib/spring/application.rb:131:in `block in run'
	from /home/asiantech/.rvm/gems/ruby-2.4.0/gems/spring-2.0.1/lib/spring/application.rb:125:in `loop'
	from /home/asiantech/.rvm/gems/ruby-2.4.0/gems/spring-2.0.1/lib/spring/application.rb:125:in `run'
	from /home/asiantech/.rvm/gems/ruby-2.4.0/gems/spring-2.0.1/lib/spring/application/boot.rb:19:in `<top (required)>'
	from /home/asiantech/.rvm/rubies/ruby-2.4.0/lib/ruby/2.4.0/rubygems/core_ext/kernel_require.rb:55:in `require'
	from /home/asiantech/.rvm/rubies/ruby-2.4.0/lib/ruby/2.4.0/rubygems/core_ext/kernel_require.rb:55:in `require'
	from -e:1:in `<main>'
Running via Spring preloader in process 21849
Running via Spring preloader in process 22275
Running via Spring preloader in process 24730
Running via Spring preloader in process 26440
Running via Spring preloader in process 29200
Running via Spring preloader in process 29596
Running via Spring preloader in process 29739
Running via Spring preloader in process 29872
Running via Spring preloader in process 30013
Running via Spring preloader in process 30150
Running via Spring preloader in process 30565
Running via Spring preloader in process 31878
Running via Spring preloader in process 32637
Running via Spring preloader in process 962
Running via Spring preloader in process 1757
Running via Spring preloader in process 3341
Running via Spring preloader in process 3767
Running via Spring preloader in process 4310
Running via Spring preloader in process 4474
Running via Spring preloader in process 4609
Running via Spring preloader in process 4752
Running via Spring preloader in process 4948
Running via Spring preloader in process 5129
Running via Spring preloader in process 5595
